02-04-2025 13:35:47.810 INFO  [org.Main] - instantiating room...
02-04-2025 13:35:47.821 DEBUG [org.Main] - adding items to room...
02-04-2025 13:35:54.753 INFO  [org.Main] - user input received...
02-04-2025 13:35:54.755 INFO  [org.Main] - user selected look...
02-04-2025 13:36:05.572 INFO  [org.Main] - user input received...
02-04-2025 13:36:05.572 INFO  [org.Main] - user selected look...
02-04-2025 13:36:31.222 INFO  [org.Main] - user input received...
02-04-2025 13:36:31.222 INFO  [org.Main] - user selected look...
02-04-2025 13:36:38.284 INFO  [org.Main] - user input received...
02-04-2025 13:36:38.285 INFO  [org.Main] - user selected look...
02-04-2025 13:36:38.285 INFO  [org.Main] - exiting game...
02-04-2025 13:39:01.959 INFO  [org.Main] - instantiating room...
02-04-2025 13:39:01.965 DEBUG [org.Main] - adding items to room...
02-04-2025 13:41:02.770 INFO  [org.Main] - user input received...
02-04-2025 13:41:02.770 INFO  [org.Main] - user selected look...
02-04-2025 13:43:58.440 INFO  [org.Main] - instantiating room...
02-04-2025 13:43:58.444 DEBUG [org.Main] - adding items to room...
02-04-2025 13:44:05.750 INFO  [org.Main] - user input received...
02-04-2025 13:44:05.750 INFO  [org.Main] - user selected look...
02-04-2025 13:50:07.646 INFO  [org.Main] - instantiating room...
02-04-2025 13:50:07.652 DEBUG [org.Main] - adding items to room...
02-04-2025 13:50:16.219 INFO  [org.Main] - user input received...
02-04-2025 13:50:16.220 INFO  [org.Main] - user selected look...
02-04-2025 13:52:01.872 INFO  [org.Main] - instantiating room...
02-04-2025 13:52:01.880 DEBUG [org.Main] - adding items to room...
02-04-2025 13:52:07.347 INFO  [org.Main] - user input received...
02-04-2025 13:52:07.347 INFO  [org.Main] - user selected look...
02-04-2025 13:53:10.852 INFO  [org.Main] - user input received...
02-04-2025 13:53:11.364 INFO  [org.Main] - user selected look...
02-04-2025 13:53:25.038 INFO  [org.Main] - instantiating room...
02-04-2025 13:53:25.046 DEBUG [org.Main] - adding items to room...
02-04-2025 13:53:31.761 INFO  [org.Main] - user input received...
02-04-2025 13:53:31.761 INFO  [org.Main] - user selected look...
02-04-2025 13:56:03.091 INFO  [org.Main] - instantiating room...
02-04-2025 13:56:03.098 DEBUG [org.Main] - adding items to room...
02-04-2025 13:56:07.367 INFO  [org.Main] - user input received...
02-04-2025 13:56:07.367 INFO  [org.Main] - user selected look...
02-04-2025 13:57:34.758 INFO  [org.Main] - instantiating room...
02-04-2025 13:57:34.762 DEBUG [org.Main] - adding items to room...
02-04-2025 13:57:41.041 INFO  [org.Main] - user input received...
02-04-2025 13:57:41.041 INFO  [org.Main] - user selected look...
02-04-2025 13:57:59.389 INFO  [org.Main] - user input received...
02-04-2025 13:57:59.389 INFO  [org.Main] - user selected look...
02-04-2025 13:58:12.394 INFO  [org.Main] - user input received...
02-04-2025 13:58:12.394 INFO  [org.Main] - user selected look...
02-04-2025 14:03:32.708 INFO  [org.Main] - user input received...
02-04-2025 14:03:32.711 INFO  [org.Main] - user selected look...
02-04-2025 14:03:32.711 INFO  [org.Main] - exiting game...
