02-22-2025 18:05:40.148 INFO  [game.Main] - instantiating Tutorial Room
02-22-2025 18:05:40.158 DEBUG [game.Main] - adding items to Tutorial Room
02-22-2025 18:05:48.008 DEBUG [game.Main] - user input received
02-22-2025 18:05:48.008 DEBUG [game.Main] - player selected look
02-22-2025 18:05:51.564 DEBUG [game.Main] - user input received
02-22-2025 18:05:51.566 DEBUG [game.Main] - player selected use
02-22-2025 18:05:57.609 DEBUG [game.Main] - user input received
02-22-2025 18:05:57.609 DEBUG [game.Main] - player selected use
02-22-2025 18:06:04.780 DEBUG [game.Main] - user input received
02-22-2025 18:06:04.780 DEBUG [game.Main] - player selected use
02-22-2025 18:06:12.642 DEBUG [game.Main] - user input received
02-22-2025 18:06:12.650 DEBUG [game.Main] - player selected use
02-22-2025 18:06:16.432 DEBUG [game.Main] - user input received
02-22-2025 18:06:16.432 DEBUG [game.Main] - player selected use
02-22-2025 18:06:19.826 DEBUG [game.Main] - user input received
02-22-2025 18:06:19.826 DEBUG [game.Main] - player selected use
02-22-2025 18:06:23.703 DEBUG [game.Main] - user input received
02-22-2025 18:06:23.703 DEBUG [game.Main] - player selected use
02-22-2025 18:06:27.608 DEBUG [game.Main] - user input received
02-22-2025 18:06:27.609 DEBUG [game.Main] - player selected use
02-22-2025 18:06:32.442 DEBUG [game.Main] - user input received
02-22-2025 18:06:32.443 INFO  [game.Main] - exiting game...
02-22-2025 18:31:16.651 INFO  [game.Main] - instantiating Tutorial Room
02-22-2025 18:31:16.653 DEBUG [game.Main] - adding items to Tutorial Room
02-22-2025 18:31:26.054 DEBUG [game.Main] - user input received
02-22-2025 18:31:26.055 DEBUG [game.Main] - player selected look
02-22-2025 18:31:30.763 DEBUG [game.Main] - user input received
02-22-2025 18:31:30.764 DEBUG [game.Main] - player selected inspect
02-22-2025 18:31:35.336 DEBUG [game.Main] - user input received
02-22-2025 18:31:35.337 DEBUG [game.Main] - player selected use
02-22-2025 18:31:41.056 DEBUG [game.Main] - user input received
02-22-2025 18:31:41.056 DEBUG [game.Main] - player selected open
02-22-2025 18:31:45.811 DEBUG [game.Main] - user input received
02-22-2025 18:31:45.812 DEBUG [game.Main] - player selected use
02-22-2025 18:31:45.812 INFO  [game.Main] - instantiating Room#2
02-22-2025 18:31:45.812 DEBUG [game.Main] - adding items to Room#2
02-22-2025 18:31:55.828 DEBUG [game.Main] - user input received
02-22-2025 18:31:55.828 INFO  [game.Main] - exiting game...
02-22-2025 19:53:31.279 INFO  [game.Main] - instantiating Tutorial Room
02-22-2025 19:53:31.284 DEBUG [game.Main] - adding items to Tutorial Room
02-22-2025 19:53:39.721 DEBUG [game.Main] - user input received
02-22-2025 19:53:44.847 DEBUG [game.Main] - user input received
02-22-2025 19:55:29.879 INFO  [game.Main] - instantiating Tutorial Room
02-22-2025 19:55:29.883 DEBUG [game.Main] - adding items to Tutorial Room
02-22-2025 19:55:37.847 DEBUG [game.Main] - user input received
02-22-2025 20:13:52.001 INFO  [game.Main] - instantiating Tutorial Room
02-22-2025 20:13:52.004 DEBUG [game.Main] - adding items to Tutorial Room
02-22-2025 20:13:56.787 DEBUG [game.Main] - user input received
02-22-2025 20:16:33.253 INFO  [game.Main] - instantiating Tutorial Room
02-22-2025 20:16:33.257 DEBUG [game.Main] - adding items to Tutorial Room
02-22-2025 20:16:41.057 DEBUG [game.Main] - user input received
02-22-2025 20:16:41.059 INFO  [game.Main] - exiting game...
